<!DOCTYPE html PUBLIC "-//W3C//DTD XHTML 1.1//EN" "http://www.w3.org/TR/xhtml11/DTD/xhtml11.dtd">
<html xmlns="http://www.w3.org/1999/xhtml">
<head>
<meta http-equiv="content-type" content="text/html; charset=UTF-8"/>
<title>TestNG Report</title>
<style type="text/css">table {margin-bottom:10px;border-collapse:collapse;empty-cells:show}th,td {border:1px solid #009;padding:.25em .5em}th {vertical-align:bottom}td {vertical-align:top}table a {font-weight:bold}.stripe td {background-color: #E6EBF9}.num {text-align:right}.passedodd td {background-color: #3F3}.passedeven td {background-color: #0A0}.skippedodd td {background-color: #DDD}.skippedeven td {background-color: #CCC}.failedodd td,.attn {background-color: #F33}.failedeven td,.stripe .attn {background-color: #D00}.stacktrace {white-space:pre;font-family:monospace}.totop {font-size:85%;text-align:center;border-bottom:2px solid #000}.invisible {display:none}</style>
</head>
<body>
<table>
<tr><th>Test</th><th># Passed</th><th># Skipped</th><th># Retried</th><th># Failed</th><th>Time (ms)</th><th>Included Groups</th><th>Excluded Groups</th></tr>
<tr><th colspan="7">Suite</th></tr>
<tr><td><a href="#t0">Login Test</a></td><td class="num">0</td><td class="num attn">2</td><td class="num">0</td><td class="num attn">1</td><td class="num">15,479</td><td></td><td></td></tr>
<tr class="stripe"><td><a href="#t1">Buy Stock Test</a></td><td class="num">1</td><td class="num">0</td><td class="num">0</td><td class="num">0</td><td class="num">24,412</td><td></td><td></td></tr>
<tr><td><a href="#t2">Delete Stock Test</a></td><td class="num">1</td><td class="num">0</td><td class="num">0</td><td class="num">0</td><td class="num">11,232</td><td></td><td></td></tr>
<tr><th>Total</th><th class="num">2</th><th class="num attn">2</th><th class="num">0</th><th class="num attn">1</th><th class="num">51,123</th><th colspan="2"></th></tr>
</table>
<table id='summary'><thead><tr><th>Class</th><th>Method</th><th>Start</th><th>Time (ms)</th></tr></thead><tbody><tr><th colspan="4">Suite</th></tr></tbody><tbody id="t0"><tr><th colspan="4">Login Test &#8212; failed</th></tr><tr class="failedeven"><td rowspan="1">qtpselenium.testcases.LoginTest</td><td><a href="#m0">doLogin</a></td><td rowspan="1">1622686029733</td><td rowspan="1">11943</td></tr><tr><th colspan="4">Login Test &#8212; skipped</th></tr><tr class="skippedeven"><td rowspan="2">qtpselenium.testcases.LoginTest</td><td><a href="#m1">doLogin</a></td><td rowspan="2">1622686042710</td><td rowspan="2">8</td></tr><tr class="skippedeven"><td><a href="#m2">doLogin</a></td></tr></tbody>
<tbody id="t1"><tr><th colspan="4">Buy Stock Test &#8212; passed</th></tr><tr class="passedeven"><td rowspan="1">qtpselenium.testcases.BuyStockTest</td><td><a href="#m3">buyStockTest</a></td><td rowspan="1">1622686043011</td><td rowspan="1">24324</td></tr></tbody>
<tbody id="t2"><tr><th colspan="4">Delete Stock Test &#8212; passed</th></tr><tr class="passedeven"><td rowspan="1">qtpselenium.testcases.DeleteStockTest</td><td><a href="#m4">deleteStockTest</a></td><td rowspan="1">1622686067454</td><td rowspan="1">11176</td></tr></tbody>
</table>
<h2>Login Test</h2><h3 id="m0">qtpselenium.testcases.LoginTest#doLogin</h3><table class="result"><tr class="param"><th>Parameter #1</th><th>Parameter #2</th></tr><tr class="param stripe"><td>{Username=ashishthakur1983, ExpectedResult=success, Password=pass@1234, Runmode=Y, Browser=Chrome}</td><td>org.testng.TestRunner@6bbe85a8</td></tr><tr><th colspan="2">Exception</th></tr><tr><td colspan="2"><div class="stacktrace">java.lang.AssertionError: The following asserts failed:
	Title of page not corect,
	Some spelling mistake
	at qtpselenium.driver.GenericKeywords.assertAll(GenericKeywords.java:192)
	at qtpselenium.testcases.LoginTest.doLogin(LoginTest.java:81)
	at java.util.ArrayList.forEach(Unknown Source)
... Removed 29 stack frames</div></td></tr></table><p class="totop"><a href="#summary">back to summary</a></p>
<h3 id="m1">qtpselenium.testcases.LoginTest#doLogin</h3><table class="result"><tr class="param"><th>Parameter #1</th><th>Parameter #2</th></tr><tr class="param stripe"><td>{Username=somerandom1, ExpectedResult=failure, Password=pass@1234, Runmode=N, Browser=Chrome}</td><td>org.testng.TestRunner@6bbe85a8</td></tr><tr><th colspan="2">Exception</th></tr><tr><td colspan="2"><div class="stacktrace">org.testng.SkipException: Skipping test as runmode was N
	at qtpselenium.testcases.LoginTest.doLogin(LoginTest.java:57)
	at java.util.ArrayList.forEach(Unknown Source)
... Removed 27 stack frames</div></td></tr></table><p class="totop"><a href="#summary">back to summary</a></p>
<h3 id="m2">qtpselenium.testcases.LoginTest#doLogin</h3><table class="result"><tr class="param"><th>Parameter #1</th><th>Parameter #2</th></tr><tr class="param stripe"><td>{Username=somerandom2, ExpectedResult=failure, Password=pass@1234, Runmode=N, Browser=Mozilla}</td><td>org.testng.TestRunner@6bbe85a8</td></tr><tr><th colspan="2">Exception</th></tr><tr><td colspan="2"><div class="stacktrace">org.testng.SkipException: Skipping test as runmode was N
	at qtpselenium.testcases.LoginTest.doLogin(LoginTest.java:57)
	at java.util.ArrayList.forEach(Unknown Source)
... Removed 27 stack frames</div></td></tr></table><p class="totop"><a href="#summary">back to summary</a></p>
<h2>Buy Stock Test</h2><h3 id="m3">qtpselenium.testcases.BuyStockTest#buyStockTest</h3><table class="result"><tr class="param"><th>Parameter #1</th></tr><tr class="param stripe"><td>org.testng.TestRunner@51e0301d</td></tr></table><p class="totop"><a href="#summary">back to summary</a></p>
<h2>Delete Stock Test</h2><h3 id="m4">qtpselenium.testcases.DeleteStockTest#deleteStockTest</h3><table class="result"><tr class="param"><th>Parameter #1</th></tr><tr class="param stripe"><td>org.testng.TestRunner@43b40233</td></tr></table><p class="totop"><a href="#summary">back to summary</a></p>
</body>
</html>
